[luxride-nextjs.vercel.app/home-2.html]
[luxride-nextjs.vercel.app/_next/static/media/7e6a2e30184bb114-s.p.woff2]
[luxride-nextjs.vercel.app/_next/static/css/2b8c3c571487e69b.css]
[luxride-nextjs.vercel.app/_next/static/chunks/webpack-ba93407d922c1365.js]
[luxride-nextjs.vercel.app/_next/static/chunks/fd9d1056-4d79c9c50da9862a.js]
[luxride-nextjs.vercel.app/_next/static/chunks/8069-50301a9d7a725bf3.js]
[luxride-nextjs.vercel.app/_next/static/chunks/main-app-5c0f9b95fd3d20ef.js]
[luxride-nextjs.vercel.app/_next/static/chunks/901-c067f3a80bf97293.js]
[luxride-nextjs.vercel.app/_next/static/chunks/1749-5a74e00765e06e44.js]
[luxride-nextjs.vercel.app/_next/static/chunks/2574-4d79200fb20bb324.js]
[luxride-nextjs.vercel.app/_next/static/chunks/8518-9b331c6487c8ad9e.js]
[luxride-nextjs.vercel.app/_next/static/chunks/333-bdac3c8483dca50a.js]
[luxride-nextjs.vercel.app/_next/static/chunks/app/(homes)/home-2/page-47d3eaed6d9ef07f.js]
[luxride-nextjs.vercel.app/_next/static/chunks/7729-8df9bea8b4db4e98.js]
[luxride-nextjs.vercel.app/_next/static/chunks/app/layout-1a40232fd54c11f8.js]
[luxride-nextjs.vercel.app/_next/static/chunks/138-a85b19663d376679.js]
[luxride-nextjs.vercel.app/_next/static/chunks/723-8be64737e8eda15f.js]
[luxride-nextjs.vercel.app/_next/static/chunks/2604-10045deca89b5f02.js]
[luxride-nextjs.vercel.app/_next/static/chunks/app/page-378484d060461fb4.js]
[backblue.gif]
[fade.gif]
[index.html]
[luxride-nextjs.vercel.app/favicon.ico]
[luxride-nextjs.vercel.app/_next/static/chunks/polyfills-c67a75d1b6f99dc8.js]
[luxride-nextjs.vercel.app/assets/imgs/template/logo-black.svg]
[luxride-nextjs.vercel.app/index.html]
[luxride-nextjs.vercel.app/home-3.html]
[luxride-nextjs.vercel.app/home-4.html]
[luxride-nextjs.vercel.app/home-5.html]
[luxride-nextjs.vercel.app/home-6.html]
[luxride-nextjs.vercel.app/home-7.html]
[luxride-nextjs.vercel.app/home-8.html]
[luxride-nextjs.vercel.app/home-9.html]
[luxride-nextjs.vercel.app/home-10.html]
[luxride-nextjs.vercel.app/about.html]
[luxride-nextjs.vercel.app/about-2.html]
[luxride-nextjs.vercel.app/contact.html]
[luxride-nextjs.vercel.app/contact-2.html]
[luxride-nextjs.vercel.app/our-team.html]
[luxride-nextjs.vercel.app/team-single/1.html]
[luxride-nextjs.vercel.app/login.html]
[luxride-nextjs.vercel.app/register.html]
[luxride-nextjs.vercel.app/pricing.html]
[luxride-nextjs.vercel.app/coming-soon.html]
[luxride-nextjs.vercel.app/page-not-found.html]
[luxride-nextjs.vercel.app/booking-vehicle.html]
[luxride-nextjs.vercel.app/booking-extra.html]
[luxride-nextjs.vercel.app/booking-passenger.html]
[luxride-nextjs.vercel.app/booking-payment.html]
[luxride-nextjs.vercel.app/booking-receved.html]
[luxride-nextjs.vercel.app/invoice.html]
[luxride-nextjs.vercel.app/fleet-list.html]
[luxride-nextjs.vercel.app/fleet-list-2.html]
[luxride-nextjs.vercel.app/fleet-list-3.html]
[luxride-nextjs.vercel.app/fleet-list-4.html]
[luxride-nextjs.vercel.app/fleet-single/1.html]
[luxride-nextjs.vercel.app/service-grid.html]
[luxride-nextjs.vercel.app/service-grid-2.html]
[luxride-nextjs.vercel.app/service-grid-3.html]
[luxride-nextjs.vercel.app/service-single/2.html]
[luxride-nextjs.vercel.app/blog-grid.html]
[luxride-nextjs.vercel.app/blog-grid-2.html]
[luxride-nextjs.vercel.app/blog-list.html]
[luxride-nextjs.vercel.app/blog-single/1.html]
[luxride-nextjs.vercel.app/_next/enb2fb.png]
[luxride-nextjs.vercel.app/_next/fra72b.png]
[luxride-nextjs.vercel.app/_next/cn8b3d.png]
[luxride-nextjs.vercel.app/assets/imgs/page/homepage1/banner3.png]
[luxride-nextjs.vercel.app/_next/plane28be.png]
[luxride-nextjs.vercel.app/_next/building4178.png]
[luxride-nextjs.vercel.app/_next/train67dc.png]
[luxride-nextjs.vercel.app/assets/imgs/template/icons/search.svg]
[luxride-nextjs.vercel.app/assets/imgs/page/homepage2/route.svg]
[luxride-nextjs.vercel.app/assets/imgs/page/homepage2/vehicle.svg]
[luxride-nextjs.vercel.app/assets/imgs/page/homepage2/like.svg]
[luxride-nextjs.vercel.app/service-single/1.html]
[luxride-nextjs.vercel.app/_next/service18041.png]
[luxride-nextjs.vercel.app/_next/service29a63.png]
[luxride-nextjs.vercel.app/service-single/3.html]
[luxride-nextjs.vercel.app/_next/service32b68.png]
[luxride-nextjs.vercel.app/_next/e-class52a9.png]
[luxride-nextjs.vercel.app/_next/eqs3438.png]
[luxride-nextjs.vercel.app/_next/suvd2a9.png]
[luxride-nextjs.vercel.app/_next/showcasee7a8.png]
[luxride-nextjs.vercel.app/_next/author9ed2.png]
[luxride-nextjs.vercel.app/_next/news1b5f8.png]
[luxride-nextjs.vercel.app/blog-single/2.html]
[luxride-nextjs.vercel.app/_next/news297a1.png]
[luxride-nextjs.vercel.app/blog-single/3.html]
[luxride-nextjs.vercel.app/_next/news3f0dc.png]
[luxride-nextjs.vercel.app/assets/imgs/slider/logo/air.svg]
[luxride-nextjs.vercel.app/assets/imgs/slider/logo/eb.svg]
[luxride-nextjs.vercel.app/assets/imgs/slider/logo/nba.svg]
[luxride-nextjs.vercel.app/assets/imgs/slider/logo/nla.svg]
[luxride-nextjs.vercel.app/assets/imgs/template/icons/apple-icon.svg]
[luxride-nextjs.vercel.app/home-2.html]
[luxride-nextjs.vercel.app/_next/static/media/uicons-regular-rounded.1b50296b.eot]
[luxride-nextjs.vercel.app/_next/static/media/uicons-regular-rounded.866b86e7.woff2]
[luxride-nextjs.vercel.app/_next/static/media/uicons-regular-rounded.e5cc8a31.woff]
[luxride-nextjs.vercel.app/assets/imgs/template/icons/next-day.png]
[luxride-nextjs.vercel.app/assets/imgs/template/icons/prev-day.png]
[luxride-nextjs.vercel.app/assets/imgs/theme/favicon.62.delayed]
[luxride-nextjs.vercel.app/assets/imgs/template/marker.png]
[luxride-nextjs.vercel.app/assets/imgs/template/icons/globe.svg]
[luxride-nextjs.vercel.app/assets/imgs/page/blog2/like.png]
[luxride-nextjs.vercel.app/assets/imgs/page/blog2/dislike.png]
[luxride-nextjs.vercel.app/assets/imgs/page/register/check.6a.delayed]
[luxride-nextjs.vercel.app/assets/imgs/slider/swiper/dot.6d.delayed]
[luxride-nextjs.vercel.app/assets/imgs/slider/swiper/dot-active.6e.delayed]
[luxride-nextjs.vercel.app/assets/imgs/template/icons/friend.svg]
[luxride-nextjs.vercel.app/assets/imgs/template/icons/luggage.svg]
[luxride-nextjs.vercel.app/assets/imgs/page/homepage1/bg-trans.png]
[luxride-nextjs.vercel.app/assets/imgs/page/homepage1/bg-trans2.png]
[luxride-nextjs.vercel.app/assets/imgs/page/homepage5/bg-trans-pink.png]
[luxride-nextjs.vercel.app/assets/imgs/page/our-team/bg-trans.png]
[luxride-nextjs.vercel.app/assets/imgs/page/homepage6/dashed.png]
[luxride-nextjs.vercel.app/assets/imgs/template/icons/call.svg]
[luxride-nextjs.vercel.app/assets/imgs/page/homepage3/address.png]
[luxride-nextjs.vercel.app/assets/imgs/page/homepage3/time.png]
[luxride-nextjs.vercel.app/assets/imgs/template/icons/call-black.svg]
[luxride-nextjs.vercel.app/assets/imgs/template/icons/globe-black.svg]
[luxride-nextjs.vercel.app/assets/imgs/template/bg-footer.png]
[luxride-nextjs.vercel.app/assets/imgs/page/homepage2/marker.png]
[luxride-nextjs.vercel.app/assets/imgs/template/icons/tw-black.svg]
[luxride-nextjs.vercel.app/assets/imgs/template/icons/instagram-black.svg]
[luxride-nextjs.vercel.app/assets/imgs/page/homepage1/bg-download.png]
[luxride-nextjs.vercel.app/assets/imgs/page/homepage1/phone.png]
[luxride-nextjs.vercel.app/assets/imgs/page/homepage2/bg-download.png]
[luxride-nextjs.vercel.app/assets/imgs/page/homepage3/bg-download-3.png]
[luxride-nextjs.vercel.app/assets/imgs/template/icons/tw.svg]
[luxride-nextjs.vercel.app/assets/imgs/template/icons/instagram.svg]
[luxride-nextjs.vercel.app/assets/imgs/template/icons/linkedin.svg]
[luxride-nextjs.vercel.app/assets/imgs/template/icons/plus.png]
[luxride-nextjs.vercel.app/assets/imgs/template/icons/minus.png]
[luxride-nextjs.vercel.app/assets/imgs/template/icons/calendar.svg]
[luxride-nextjs.vercel.app/assets/imgs/template/icons/time.svg]
[luxride-nextjs.vercel.app/assets/imgs/template/icons/from.svg]
[luxride-nextjs.vercel.app/assets/imgs/template/icons/to.svg]
[luxride-nextjs.vercel.app/assets/imgs/page/homepage1/bg-our-fleet.png]
[luxride-nextjs.vercel.app/assets/imgs/page/homepage1/line.png]
[luxride-nextjs.vercel.app/assets/imgs/page/homepage1/bg-showcase.png]
[luxride-nextjs.vercel.app/assets/imgs/page/homepage1/bg-our-service.png]
[luxride-nextjs.vercel.app/assets/imgs/page/homepage1/bg-faqs.png]
[luxride-nextjs.vercel.app/assets/imgs/page/homepage1/quote.png]
[luxride-nextjs.vercel.app/assets/imgs/page/homepage1/play.png]
[luxride-nextjs.vercel.app/assets/imgs/page/homepage1/maps.png]
[luxride-nextjs.vercel.app/assets/imgs/page/homepage1/bg-testimonials.png]
[luxride-nextjs.vercel.app/assets/imgs/page/homepage2/arrow-button.png]
[luxride-nextjs.vercel.app/assets/imgs/page/homepage2/bg-line.png]
[luxride-nextjs.vercel.app/assets/imgs/page/homepage2/quote.png]
[luxride-nextjs.vercel.app/assets/imgs/page/homepage2/prev-white.png]
[luxride-nextjs.vercel.app/assets/imgs/page/homepage2/next-white.png]
[luxride-nextjs.vercel.app/assets/imgs/page/homepage2/bg-line.svg]
[luxride-nextjs.vercel.app/assets/imgs/page/homepage3/bg-banner.png]
[luxride-nextjs.vercel.app/assets/imgs/page/homepage3/dashed.png]
[luxride-nextjs.vercel.app/assets/imgs/page/homepage3/bg-line.png]
[luxride-nextjs.vercel.app/assets/imgs/page/homepage4/banner.png]
[luxride-nextjs.vercel.app/assets/imgs/page/homepage4/tick.png]
[luxride-nextjs.vercel.app/assets/imgs/page/homepage4/pattern.png]
[luxride-nextjs.vercel.app/assets/imgs/page/homepage5/map.png]
[luxride-nextjs.vercel.app/assets/imgs/page/homepage5/quote.png]
[luxride-nextjs.vercel.app/assets/imgs/page/homepage5/bg-banner.png]
[luxride-nextjs.vercel.app/assets/imgs/page/homepage7/map.png]
[luxride-nextjs.vercel.app/assets/imgs/page/homepage7/bg-your-trip.png]
[luxride-nextjs.vercel.app/assets/imgs/page/homepage8/map.png]
[luxride-nextjs.vercel.app/assets/imgs/page/homepage8/address.png]
[luxride-nextjs.vercel.app/assets/imgs/page/homepage8/time.png]
[luxride-nextjs.vercel.app/assets/imgs/page/homepage8/call.png]
[luxride-nextjs.vercel.app/assets/imgs/page/homepage8/globe.png]
[luxride-nextjs.vercel.app/assets/imgs/page/homepage9/planning.png]
[luxride-nextjs.vercel.app/assets/imgs/page/homepage9/clock.png]
[luxride-nextjs.vercel.app/assets/imgs/page/homepage9/from.png]
[luxride-nextjs.vercel.app/assets/imgs/page/homepage9/to.png]
[luxride-nextjs.vercel.app/assets/imgs/page/homepage9/address.png]
[luxride-nextjs.vercel.app/assets/imgs/page/homepage9/time.png]
[luxride-nextjs.vercel.app/assets/imgs/page/homepage9/call.png]
[luxride-nextjs.vercel.app/assets/imgs/page/homepage10/play.png]
[luxride-nextjs.vercel.app/assets/imgs/page/homepage10/map.png]
[luxride-nextjs.vercel.app/assets/imgs/page/homepage10/line.png]
[luxride-nextjs.vercel.app/assets/imgs/page/homepage10/img-reliability.png]
[luxride-nextjs.vercel.app/assets/imgs/page/fleet/meet.png]
[luxride-nextjs.vercel.app/assets/imgs/page/fleet/free-cancel.png]
[luxride-nextjs.vercel.app/assets/imgs/page/fleet/free-wait.png]
[luxride-nextjs.vercel.app/assets/imgs/page/fleet/safe.png]
[luxride-nextjs.vercel.app/assets/imgs/page/services/banner.png]
[luxride-nextjs.vercel.app/assets/imgs/page/about/quote.png]
[luxride-nextjs.vercel.app/assets/imgs/page/about/bg-trip.png]
[luxride-nextjs.vercel.app/assets/imgs/page/about/banner2.png]
[luxride-nextjs.vercel.app/assets/imgs/page/team-single/dashed.png]
[luxride-nextjs.vercel.app/assets/imgs/template/icons/fb-black.png]
[luxride-nextjs.vercel.app/assets/imgs/template/icons/tw-black.png]
[luxride-nextjs.vercel.app/assets/imgs/template/icons/instagram-black.png]
[luxride-nextjs.vercel.app/assets/imgs/template/icons/linkedin-black.png]
[luxride-nextjs.vercel.app/assets/imgs/page/comingsoon/banner.png]
[luxride-nextjs.vercel.app/assets/imgs/page/booking/vehicle.svg]
[luxride-nextjs.vercel.app/assets/imgs/page/booking/extra.svg]
[luxride-nextjs.vercel.app/assets/imgs/page/booking/pax.svg]
[luxride-nextjs.vercel.app/assets/imgs/page/booking/payment.svg]
[luxride-nextjs.vercel.app/assets/imgs/page/booking/vehicle-hover.svg]
[luxride-nextjs.vercel.app/assets/imgs/page/booking/extra-hover.svg]
[luxride-nextjs.vercel.app/assets/imgs/page/booking/pax-hover.svg]
[luxride-nextjs.vercel.app/assets/imgs/page/booking/payment-hover.svg]
[luxride-nextjs.vercel.app/assets/imgs/page/booking/location.png]
[luxride-nextjs.vercel.app/assets/imgs/page/booking/dotted.png]
[luxride-nextjs.vercel.app/assets/imgs/page/booking/plan.png]
[luxride-nextjs.vercel.app/assets/imgs/page/booking/time.png]
[luxride-nextjs.vercel.app/assets/imgs/page/booking/tick.png]
[luxride-nextjs.vercel.app/assets/imgs/page/booking/meet.svg]
[luxride-nextjs.vercel.app/assets/imgs/page/booking/cancel.svg]
[luxride-nextjs.vercel.app/assets/imgs/page/booking/free-time.svg]
[luxride-nextjs.vercel.app/assets/imgs/page/booking/passenger.svg]
[luxride-nextjs.vercel.app/assets/imgs/page/booking/luggage.svg]
[luxride-nextjs.vercel.app/assets/imgs/page/blog2/quote.png]
[luxride-nextjs.vercel.app/_next/static/media/56d4c7a1c09c3371-s.woff2]
[luxride-nextjs.vercel.app/_next/static/css/2b8c3c571487e69b.css]
[luxride-nextjs.vercel.app/assets/imgs/template/logo.svg]
[luxride-nextjs.vercel.app/assets/imgs/page/homepage1/banner.png]
[luxride-nextjs.vercel.app/assets/imgs/page/homepage1/banner2.png]
[luxride-nextjs.vercel.app/assets/imgs/page/homepage1/banner4.png]
[luxride-nextjs.vercel.app/assets/imgs/page/homepage1/banner5.png]
[luxride-nextjs.vercel.app/fleet-single/2.html]
[luxride-nextjs.vercel.app/fleet-single/3.html]
[luxride-nextjs.vercel.app/fleet-single/4.html]
[luxride-nextjs.vercel.app/_next/suv-class14cd.png]
[luxride-nextjs.vercel.app/fleet-single/5.html]
[luxride-nextjs.vercel.app/fleet-single/6.html]
[luxride-nextjs.vercel.app/_next/v-class7e62.png]
[luxride-nextjs.vercel.app/fleet-single/7.html]
[luxride-nextjs.vercel.app/fleet-single/8.html]
[luxride-nextjs.vercel.app/_next/laptopdeda.png]
[luxride-nextjs.vercel.app/_next/desktopa9e8.png]
[luxride-nextjs.vercel.app/_next/desktop26635.png]
[luxride-nextjs.vercel.app/assets/imgs/page/homepage1/safe.svg]
[luxride-nextjs.vercel.app/assets/imgs/page/homepage1/price.svg]
[luxride-nextjs.vercel.app/assets/imgs/page/homepage1/vehicle.svg]
[luxride-nextjs.vercel.app/service-single/4.html]
[luxride-nextjs.vercel.app/_next/service5fb29.png]
[luxride-nextjs.vercel.app/service-single/5.html]
[luxride-nextjs.vercel.app/_next/wedding341c.png]
[luxride-nextjs.vercel.app/service-single/6.html]
[luxride-nextjs.vercel.app/_next/travel02dc.png]
[luxride-nextjs.vercel.app/_next/img-video6ac0.png]
[luxride-nextjs.vercel.app/_next/img1d2ee.png]
[luxride-nextjs.vercel.app/_next/img25ce1.png]
[luxride-nextjs.vercel.app/_next/img32b64.png]
[luxride-nextjs.vercel.app/index.html]
[luxride-nextjs.vercel.app/assets/imgs/template/logo-black.svg]
[luxride-nextjs.vercel.app/_next/static/chunks/2560-2bd3e06794177359.js]
[luxride-nextjs.vercel.app/_next/static/chunks/app/(homes)/home-3/page-f02c868271680ba3.js]
[luxride-nextjs.vercel.app/_next/banner12e0e.png]
[luxride-nextjs.vercel.app/_next/banner2c7f1.png]
[luxride-nextjs.vercel.app/_next/banner35c98.png]
[luxride-nextjs.vercel.app/assets/imgs/page/homepage3/safe.svg]
[luxride-nextjs.vercel.app/assets/imgs/page/homepage3/price.svg]
[luxride-nextjs.vercel.app/assets/imgs/page/homepage3/vehicle.svg]
[luxride-nextjs.vercel.app/_next/img-how06a5.png]
[luxride-nextjs.vercel.app/_next/img1ccb2.png]
[luxride-nextjs.vercel.app/_next/img3f761.png]
[luxride-nextjs.vercel.app/_next/img29965.png]
[luxride-nextjs.vercel.app/_next/star0b97.png]
[luxride-nextjs.vercel.app/_next/city1a66f.png]
[luxride-nextjs.vercel.app/_next/city2879b.png]
[luxride-nextjs.vercel.app/_next/city3d95b.png]
[luxride-nextjs.vercel.app/_next/city4ba0b.png]
[luxride-nextjs.vercel.app/_next/city50d0f.png]
[luxride-nextjs.vercel.app/_next/city6677d.png]
[luxride-nextjs.vercel.app/home-3.html]
[luxride-nextjs.vercel.app/_next/static/chunks/app/(homes)/home-4/page-8d1ec0648663841b.js]
[luxride-nextjs.vercel.app/assets/imgs/template/icons/apple-icon-black.svg]
[luxride-nextjs.vercel.app/assets/imgs/page/homepage4/route.svg]
[luxride-nextjs.vercel.app/assets/imgs/page/homepage4/vehicle.svg]
[luxride-nextjs.vercel.app/assets/imgs/page/homepage4/journey.svg]
[luxride-nextjs.vercel.app/_next/img1e508.png]
[luxride-nextjs.vercel.app/_next/img361f4.png]
[luxride-nextjs.vercel.app/_next/img4c56f.png]
[luxride-nextjs.vercel.app/_next/img27503.png]
[luxride-nextjs.vercel.app/assets/imgs/page/homepage4/limo.svg]
[luxride-nextjs.vercel.app/assets/imgs/page/homepage4/phone.svg]
[luxride-nextjs.vercel.app/assets/imgs/page/homepage4/wheel.svg]
[luxride-nextjs.vercel.app/assets/imgs/page/homepage4/seat.svg]
[luxride-nextjs.vercel.app/assets/imgs/page/homepage4/price.svg]
[luxride-nextjs.vercel.app/home-4.html]
[luxride-nextjs.vercel.app/assets/imgs/page/homepage4/driver.svg]
[luxride-nextjs.vercel.app/_next/static/chunks/app/(homes)/home-5/page-67f8bc7ddb295eeb.js]
[luxride-nextjs.vercel.app/assets/imgs/page/homepage5/banner.png]
[luxride-nextjs.vercel.app/_next/img-how9996.png]
[luxride-nextjs.vercel.app/home-5.html]
[luxride-nextjs.vercel.app/_next/static/chunks/1463-332b6f288bb69c3d.js]
[luxride-nextjs.vercel.app/_next/static/chunks/app/(homes)/home-6/page-67d83609808e5f53.js]
[luxride-nextjs.vercel.app/assets/imgs/page/homepage6/banner.svg]
[luxride-nextjs.vercel.app/_next/customer1e07d.png]
[luxride-nextjs.vercel.app/_next/customer-quotedd26.png]
[luxride-nextjs.vercel.app/_next/customer2de7f.png]
[luxride-nextjs.vercel.app/_next/customer36ed7.png]
[luxride-nextjs.vercel.app/_next/img1484e.png]
[luxride-nextjs.vercel.app/home-6.html]
[luxride-nextjs.vercel.app/_next/static/chunks/app/(homes)/home-7/page-9de4b7314002109c.js]
[luxride-nextjs.vercel.app/_next/banner0cc8.png]
[luxride-nextjs.vercel.app/_next/img124a6.png]
[luxride-nextjs.vercel.app/assets/imgs/page/homepage7/route.svg]
[luxride-nextjs.vercel.app/assets/imgs/page/homepage7/price.svg]
[luxride-nextjs.vercel.app/home-7.html]
[luxride-nextjs.vercel.app/assets/imgs/page/homepage7/vehicle.svg]
[luxride-nextjs.vercel.app/_next/static/css/07a098635536dd3e.css]
[luxride-nextjs.vercel.app/_next/static/chunks/app/(homes)/home-8/page-608c2ed76532e13d.js]
[luxride-nextjs.vercel.app/assets/imgs/page/homepage8/banner.png]
[luxride-nextjs.vercel.app/_next/img294bc.png]
[luxride-nextjs.vercel.app/_next/img178b3.png]
[luxride-nextjs.vercel.app/home-8.html]
[luxride-nextjs.vercel.app/home-9.html]
[luxride-nextjs.vercel.app/_next/static/chunks/app/(homes)/home-9/page-a34a9c93aeb88497.js]
[luxride-nextjs.vercel.app/_next/static/chunks/9400-93970e2db755538d.js]
[luxride-nextjs.vercel.app/_next/static/chunks/app/(homes)/home-10/page-d547fa6480f62242.js]
[luxride-nextjs.vercel.app/assets/imgs/page/homepage10/banner.png]
[luxride-nextjs.vercel.app/assets/imgs/page/homepage10/icon1.svg]
[luxride-nextjs.vercel.app/assets/imgs/page/homepage10/icon2.svg]
[luxride-nextjs.vercel.app/assets/imgs/page/homepage10/icon3.svg]
[luxride-nextjs.vercel.app/_next/service100e6.png]
[luxride-nextjs.vercel.app/_next/service252bf.png]
[luxride-nextjs.vercel.app/_next/img1477e.png]
[luxride-nextjs.vercel.app/home-10.html]
[luxride-nextjs.vercel.app/_next/static/chunks/app/(pages)/about/page-33bd213b23fcfb18.js]
[luxride-nextjs.vercel.app/_next/bannerb4f0.png]
[luxride-nextjs.vercel.app/about.html]
[luxride-nextjs.vercel.app/about-2.html]
[luxride-nextjs.vercel.app/_next/static/chunks/app/(pages)/about-2/page-2745426d9791526c.js]
[luxride-nextjs.vercel.app/assets/imgs/page/contact/new-york.svg]
[luxride-nextjs.vercel.app/assets/imgs/page/contact/istabul.svg]
[luxride-nextjs.vercel.app/assets/imgs/page/contact/paris.svg]
[luxride-nextjs.vercel.app/assets/imgs/page/contact/london.svg]
[luxride-nextjs.vercel.app/contact.html]
[luxride-nextjs.vercel.app/_next/static/chunks/app/(pages)/contact/page-4c1dd11a60401f1f.js]
[luxride-nextjs.vercel.app/assets/imgs/page/contact/location.png]
[luxride-nextjs.vercel.app/assets/imgs/page/contact/phone.png]
[luxride-nextjs.vercel.app/assets/imgs/page/contact/email.png]
[luxride-nextjs.vercel.app/_next/static/chunks/app/(pages)/contact-2/page-8f0e2c8605a5a997.js]
[luxride-nextjs.vercel.app/index.14d.delayed]
[luxride-nextjs.vercel.app/service-grid.14e.delayed]
[luxride-nextjs.vercel.app/contact-2.html]
[luxride-nextjs.vercel.app/_next/static/chunks/app/(pages)/our-team/page-0f112afd0e0df6db.js]
[luxride-nextjs.vercel.app/_next/team1111e.png]
[luxride-nextjs.vercel.app/_next/team24b59.png]
[luxride-nextjs.vercel.app/team-single/2.html]
[luxride-nextjs.vercel.app/_next/team36d40.png]
[luxride-nextjs.vercel.app/team-single/3.html]
[luxride-nextjs.vercel.app/_next/team442b6.png]
[luxride-nextjs.vercel.app/team-single/4.html]
[luxride-nextjs.vercel.app/_next/team51891.png]
[luxride-nextjs.vercel.app/team-single/5.html]
[luxride-nextjs.vercel.app/_next/team6e86d.png]
[luxride-nextjs.vercel.app/team-single/6.html]
[luxride-nextjs.vercel.app/_next/team73c76.png]
[luxride-nextjs.vercel.app/team-single/7.html]
[luxride-nextjs.vercel.app/_next/team80c36.png]
[luxride-nextjs.vercel.app/our-team.html]
[luxride-nextjs.vercel.app/team-single/8.html]
[luxride-nextjs.vercel.app/_next/static/chunks/app/(pages)/team-single/[id]/page-a129c22f281e1d51.js]
[luxride-nextjs.vercel.app/_next/team15913.png]
[luxride-nextjs.vercel.app/team-single/1.html]
[luxride-nextjs.vercel.app/login.html]
[luxride-nextjs.vercel.app/_next/static/chunks/app/(pages)/login/page-34c05f5a26f7bd15.js]
[luxride-nextjs.vercel.app/register.html]
[luxride-nextjs.vercel.app/_next/static/chunks/app/(pages)/register/page-05867afd7edae39b.js]
[luxride-nextjs.vercel.app/_next/static/chunks/app/(pages)/pricing/page-61a0d7c5d1f52ce1.js]
[luxride-nextjs.vercel.app/assets/imgs/page/pricing/free.svg]
[luxride-nextjs.vercel.app/assets/imgs/page/pricing/professional.svg]
[luxride-nextjs.vercel.app/pricing.html]
[luxride-nextjs.vercel.app/assets/imgs/page/pricing/bussiness.svg]
[luxride-nextjs.vercel.app/coming-soon.html]
[luxride-nextjs.vercel.app/_next/static/chunks/app/(pages)/coming-soon/page-f94bfa329037dc53.js]
[luxride-nextjs.vercel.app/_next/static/chunks/app/page-not-found/page-56e9c91bbd1e80b9.js]
[luxride-nextjs.vercel.app/page-not-found.html]
[luxride-nextjs.vercel.app/assets/imgs/page/404/404.svg]
[luxride-nextjs.vercel.app/booking-vehicle.html]
[luxride-nextjs.vercel.app/_next/static/chunks/app/(booking)/booking-vehicle/page-b1cd9bfef5d15d7a.js]
[luxride-nextjs.vercel.app/booking-extra.html]
[luxride-nextjs.vercel.app/_next/static/chunks/app/(booking)/booking-extra/page-c34a078645b3bbb3.js]
[luxride-nextjs.vercel.app/booking-passenger.html]
[luxride-nextjs.vercel.app/_next/static/chunks/app/(booking)/booking-passenger/page-47a0286d76c87f3f.js]
[luxride-nextjs.vercel.app/_next/static/chunks/app/(booking)/booking-payment/page-717168291620bca2.js]
[luxride-nextjs.vercel.app/_next/payment-card5f35.png]
[luxride-nextjs.vercel.app/booking-payment.html]
[luxride-nextjs.vercel.app/_next/static/chunks/app/(booking)/booking-receved/page-2a4e4bd50708be6e.js]
[luxride-nextjs.vercel.app/_next/completed2ac9.png]
[luxride-nextjs.vercel.app/booking-receved.html]
[luxride-nextjs.vercel.app/_next/static/chunks/app/invoice/page-d5b0dcba5579e9fd.js]
[luxride-nextjs.vercel.app/_next/logo27b5.png]
[luxride-nextjs.vercel.app/www.luxride.173.delayed]
[luxride-nextjs.vercel.app/invoice.html]
[luxride-nextjs.vercel.app/fleet-list.html]
[luxride-nextjs.vercel.app/_next/static/chunks/app/(fleets)/fleet-list/page-899f5b42f78e6a5d.js]
[luxride-nextjs.vercel.app/fleet-list-2.html]
[luxride-nextjs.vercel.app/_next/static/chunks/app/(fleets)/fleet-list-2/page-f839cc834590dfd7.js]
[luxride-nextjs.vercel.app/fleet-list-3.html]
[luxride-nextjs.vercel.app/_next/static/chunks/app/(fleets)/fleet-list-3/page-7c2f403e707488ad.js]
[luxride-nextjs.vercel.app/fleet-list-4.html]
[luxride-nextjs.vercel.app/_next/static/chunks/app/(fleets)/fleet-list-4/page-99a45d33bcd8642a.js]
[luxride-nextjs.vercel.app/_next/static/chunks/app/(fleets)/fleet-single/[id]/page-55321246764fafc2.js]
[luxride-nextjs.vercel.app/_next/bannerf040.png]
[luxride-nextjs.vercel.app/_next/slide14b60.png]
[luxride-nextjs.vercel.app/_next/slide2b40c.png]
[luxride-nextjs.vercel.app/assets/imgs/page/fleet/camera.svg]
[luxride-nextjs.vercel.app/assets/imgs/page/fleet/water.svg]
[luxride-nextjs.vercel.app/assets/imgs/page/fleet/coffee.svg]
[luxride-nextjs.vercel.app/assets/imgs/page/fleet/newspaper.svg]
[luxride-nextjs.vercel.app/assets/imgs/page/fleet/cooperation.svg]
[luxride-nextjs.vercel.app/assets/imgs/page/fleet/rim.svg]
[luxride-nextjs.vercel.app/_next/e-class27dc.png]
[luxride-nextjs.vercel.app/fleet-single/1.html]
[luxride-nextjs.vercel.app/service-grid.html]
[luxride-nextjs.vercel.app/_next/static/chunks/app/(services)/service-grid/page-2adf533b3aef9ca6.js]
[luxride-nextjs.vercel.app/service-grid-2.html]
[luxride-nextjs.vercel.app/_next/static/chunks/app/(services)/service-grid-2/page-d0fde622c4330b4e.js]
[luxride-nextjs.vercel.app/service-grid-3.html]
[luxride-nextjs.vercel.app/_next/static/chunks/app/(services)/service-grid-3/page-82d621cceaf338ea.js]
[luxride-nextjs.vercel.app/_next/static/chunks/app/(services)/service-single/[id]/page-0d515450f3fc0ba7.js]
[luxride-nextjs.vercel.app/assets/imgs/page/services/airport.svg]
[luxride-nextjs.vercel.app/assets/imgs/page/services/terms.svg]
[luxride-nextjs.vercel.app/_next/img135d5.png]
[luxride-nextjs.vercel.app/_next/img270e6.png]
[luxride-nextjs.vercel.app/service-single/2.html]
[luxride-nextjs.vercel.app/_next/static/chunks/app/(blogs)/blog-grid/page-fc51bfcd876fd1d5.js]
[luxride-nextjs.vercel.app/blog-single/4.html]
[luxride-nextjs.vercel.app/_next/news1423d.png]
[luxride-nextjs.vercel.app/blog-single/5.html]
[luxride-nextjs.vercel.app/_next/news205cc.png]
[luxride-nextjs.vercel.app/blog-single/6.html]
[luxride-nextjs.vercel.app/_next/news30495.png]
[luxride-nextjs.vercel.app/blog-single/7.html]
[luxride-nextjs.vercel.app/blog-single/8.html]
[luxride-nextjs.vercel.app/blog-grid.html]
[luxride-nextjs.vercel.app/blog-single/9.html]
[luxride-nextjs.vercel.app/_next/static/chunks/app/(blogs)/blog-grid-2/page-8c6c80c30d83c3a0.js]
[luxride-nextjs.vercel.app/blog-single/10.html]
[luxride-nextjs.vercel.app/_next/news59ce8.png]
[luxride-nextjs.vercel.app/blog-single/11.html]
[luxride-nextjs.vercel.app/_next/news62808.png]
[luxride-nextjs.vercel.app/blog-single/12.html]
[luxride-nextjs.vercel.app/_next/news7d05a.png]
[luxride-nextjs.vercel.app/_next/post111f6.png]
[luxride-nextjs.vercel.app/_next/post23f9e.png]
[luxride-nextjs.vercel.app/_next/post3060c.png]
[luxride-nextjs.vercel.app/blog-grid-2.html]
[luxride-nextjs.vercel.app/_next/static/chunks/app/(blogs)/blog-list/page-bb2778e9f72bb202.js]
[luxride-nextjs.vercel.app/_next/news1a8cd.png]
[luxride-nextjs.vercel.app/_next/news2ed03.png]
[luxride-nextjs.vercel.app/_next/news39df0.png]
[luxride-nextjs.vercel.app/_next/news4dad1.png]
[luxride-nextjs.vercel.app/blog-list.html]
[luxride-nextjs.vercel.app/_next/static/chunks/app/(blogs)/blog-single/[id]/page-976a8898962b8dd4.js]
[luxride-nextjs.vercel.app/_next/img-single2060f.png]
[luxride-nextjs.vercel.app/_next/img-single3eb8f.png]
[luxride-nextjs.vercel.app/_next/img-single4c227.png]
[luxride-nextjs.vercel.app/_next/author5e26.png]
[luxride-nextjs.vercel.app/_next/grid082f.png]
[luxride-nextjs.vercel.app/blog-single/1.html]
[luxride-nextjs.vercel.app/assets/imgs/template/icons/search.svg]
[luxride-nextjs.vercel.app/assets/imgs/page/homepage2/route.svg]
[luxride-nextjs.vercel.app/assets/imgs/page/homepage2/vehicle.svg]
[luxride-nextjs.vercel.app/assets/imgs/page/homepage2/like.svg]
[luxride-nextjs.vercel.app/service-single/1.html]
[luxride-nextjs.vercel.app/service-single/3.html]
[luxride-nextjs.vercel.app/assets/imgs/page/homepage2/play.svg]
[luxride-nextjs.vercel.app/blog-single/2.html]
[luxride-nextjs.vercel.app/blog-single/3.html]
[luxride-nextjs.vercel.app/assets/imgs/slider/logo/air.svg]
[luxride-nextjs.vercel.app/assets/imgs/slider/logo/eb.svg]
[luxride-nextjs.vercel.app/assets/imgs/slider/logo/nba.svg]
[luxride-nextjs.vercel.app/assets/imgs/slider/logo/nla.svg]
[luxride-nextjs.vercel.app/assets/imgs/template/icons/apple-icon.svg]
[luxride-nextjs.vercel.app/assets/imgs/template/icons/google-icon.svg]
[luxride-nextjs.vercel.app/assets/imgs/theme/404]
[luxride-nextjs.vercel.app/assets/imgs/template/icons/globe.svg]
[luxride-nextjs.vercel.app/assets/imgs/page/signin/google.svg]
[luxride-nextjs.vercel.app/assets/imgs/page/signin/facebook.svg]
[luxride-nextjs.vercel.app/assets/imgs/page/signin/apple.svg]
[luxride-nextjs.vercel.app/assets/imgs/page/register/404]
[luxride-nextjs.vercel.app/assets/imgs/slider/swiper/next.svg]
[luxride-nextjs.vercel.app/assets/imgs/slider/swiper/prev.svg]
[luxride-nextjs.vercel.app/assets/imgs/slider/swiper/404]
[luxride-nextjs.vercel.app/assets/imgs/slider/swiper/404-2]
[luxride-nextjs.vercel.app/assets/imgs/template/icons/friend.svg]
[luxride-nextjs.vercel.app/assets/imgs/template/icons/luggage.svg]
[luxride-nextjs.vercel.app/assets/imgs/template/icons/call.svg]
[luxride-nextjs.vercel.app/assets/imgs/template/icons/angle-down.svg]
[luxride-nextjs.vercel.app/assets/imgs/template/icons/angle-down-black.svg]
[luxride-nextjs.vercel.app/assets/imgs/template/icons/call-black.svg]
[luxride-nextjs.vercel.app/assets/imgs/template/icons/globe-black.svg]
[luxride-nextjs.vercel.app/assets/imgs/template/icons/fb-black.svg]
[luxride-nextjs.vercel.app/assets/imgs/template/icons/tw-black.svg]
[luxride-nextjs.vercel.app/assets/imgs/template/icons/instagram-black.svg]
[luxride-nextjs.vercel.app/assets/imgs/template/icons/linkedin-black.svg]
[luxride-nextjs.vercel.app/assets/imgs/template/icons/fb.svg]
[luxride-nextjs.vercel.app/assets/imgs/template/icons/tw.svg]
[luxride-nextjs.vercel.app/assets/imgs/template/icons/instagram.svg]
[luxride-nextjs.vercel.app/assets/imgs/template/icons/linkedin.svg]
[luxride-nextjs.vercel.app/assets/imgs/template/icons/calendar.svg]
[luxride-nextjs.vercel.app/assets/imgs/template/icons/time.svg]
[luxride-nextjs.vercel.app/assets/imgs/template/icons/from.svg]
[luxride-nextjs.vercel.app/assets/imgs/template/icons/to.svg]
[luxride-nextjs.vercel.app/assets/imgs/page/homepage2/bg-line.svg]
[luxride-nextjs.vercel.app/assets/imgs/page/homepage3/tick.svg]
[luxride-nextjs.vercel.app/assets/imgs/page/booking/vehicle.svg]
[luxride-nextjs.vercel.app/assets/imgs/page/booking/extra.svg]
[luxride-nextjs.vercel.app/assets/imgs/page/booking/pax.svg]
[luxride-nextjs.vercel.app/assets/imgs/page/booking/payment.svg]
[luxride-nextjs.vercel.app/assets/imgs/page/booking/vehicle-hover.svg]
[luxride-nextjs.vercel.app/assets/imgs/page/booking/extra-hover.svg]
[luxride-nextjs.vercel.app/assets/imgs/page/booking/pax-hover.svg]
[luxride-nextjs.vercel.app/assets/imgs/page/booking/payment-hover.svg]
[luxride-nextjs.vercel.app/assets/imgs/page/booking/meet.svg]
[luxride-nextjs.vercel.app/assets/imgs/page/booking/cancel.svg]
[luxride-nextjs.vercel.app/assets/imgs/page/booking/free-time.svg]
[luxride-nextjs.vercel.app/assets/imgs/page/booking/passenger.svg]
[luxride-nextjs.vercel.app/assets/imgs/page/booking/luggage.svg]
[luxride-nextjs.vercel.app/assets/imgs/page/booking/minus.svg]
[luxride-nextjs.vercel.app/assets/imgs/page/booking/plus.svg]
[luxride-nextjs.vercel.app/assets/imgs/template/logo.svg]
[luxride-nextjs.vercel.app/_next/eqs3722.png]
[luxride-nextjs.vercel.app/fleet-single/2.html]
[luxride-nextjs.vercel.app/_next/suvd5b0.png]
[luxride-nextjs.vercel.app/fleet-single/3.html]
[luxride-nextjs.vercel.app/_next/suv-classea10.png]
[luxride-nextjs.vercel.app/fleet-single/4.html]
[luxride-nextjs.vercel.app/fleet-single/5.html]
[luxride-nextjs.vercel.app/_next/v-class739e.png]
[luxride-nextjs.vercel.app/fleet-single/6.html]
[luxride-nextjs.vercel.app/fleet-single/7.html]
[luxride-nextjs.vercel.app/fleet-single/8.html]
[luxride-nextjs.vercel.app/assets/imgs/page/homepage1/safe.svg]
[luxride-nextjs.vercel.app/assets/imgs/page/homepage1/price.svg]
[luxride-nextjs.vercel.app/assets/imgs/page/homepage1/vehicle.svg]
[luxride-nextjs.vercel.app/service-single/4.html]
[luxride-nextjs.vercel.app/service-single/5.html]
[luxride-nextjs.vercel.app/service-single/6.html]
[luxride-nextjs.vercel.app/assets/imgs/page/homepage3/safe.svg]
[luxride-nextjs.vercel.app/assets/imgs/page/homepage3/price.svg]
[luxride-nextjs.vercel.app/assets/imgs/page/homepage3/vehicle.svg]
[luxride-nextjs.vercel.app/assets/imgs/template/icons/apple-icon-black.svg]
[luxride-nextjs.vercel.app/assets/imgs/template/icons/google-icon-black.svg]
[luxride-nextjs.vercel.app/assets/imgs/page/homepage4/route.svg]
[luxride-nextjs.vercel.app/assets/imgs/page/homepage4/vehicle.svg]
[luxride-nextjs.vercel.app/assets/imgs/page/homepage4/journey.svg]
[luxride-nextjs.vercel.app/assets/imgs/page/homepage4/limo.svg]
[luxride-nextjs.vercel.app/assets/imgs/page/homepage4/phone.svg]
[luxride-nextjs.vercel.app/assets/imgs/page/homepage4/wheel.svg]
[luxride-nextjs.vercel.app/assets/imgs/page/homepage4/seat.svg]
[luxride-nextjs.vercel.app/assets/imgs/page/homepage4/price.svg]
[luxride-nextjs.vercel.app/assets/imgs/page/homepage4/driver.svg]
[luxride-nextjs.vercel.app/assets/imgs/page/homepage6/banner.svg]
[luxride-nextjs.vercel.app/assets/imgs/page/homepage7/route.svg]
[luxride-nextjs.vercel.app/assets/imgs/page/homepage7/price.svg]
[luxride-nextjs.vercel.app/assets/imgs/page/homepage7/vehicle.svg]
[luxride-nextjs.vercel.app/_next/static/css/07a098635536dd3e.css]
[luxride-nextjs.vercel.app/assets/imgs/page/homepage10/icon1.svg]
[luxride-nextjs.vercel.app/assets/imgs/page/homepage10/icon2.svg]
[luxride-nextjs.vercel.app/assets/imgs/page/homepage10/icon3.svg]
[luxride-nextjs.vercel.app/assets/imgs/page/contact/new-york.svg]
[luxride-nextjs.vercel.app/assets/imgs/page/contact/istabul.svg]
[luxride-nextjs.vercel.app/assets/imgs/page/contact/paris.svg]
[luxride-nextjs.vercel.app/assets/imgs/page/contact/london.svg]
[luxride-nextjs.vercel.app/404]
[luxride-nextjs.vercel.app/404-2]
[luxride-nextjs.vercel.app/_next/team25993.png]
[luxride-nextjs.vercel.app/team-single/2.html]
[luxride-nextjs.vercel.app/_next/team328cd.png]
[luxride-nextjs.vercel.app/team-single/3.html]
[luxride-nextjs.vercel.app/_next/team46f1e.png]
[luxride-nextjs.vercel.app/team-single/4.html]
[luxride-nextjs.vercel.app/_next/team51615.png]
[luxride-nextjs.vercel.app/team-single/5.html]
[luxride-nextjs.vercel.app/_next/team6f488.png]
[luxride-nextjs.vercel.app/team-single/6.html]
[luxride-nextjs.vercel.app/_next/team7f8ee.png]
[luxride-nextjs.vercel.app/team-single/7.html]
[luxride-nextjs.vercel.app/_next/team8ad8d.png]
[luxride-nextjs.vercel.app/team-single/8.html]
[luxride-nextjs.vercel.app/assets/imgs/page/pricing/free.svg]
[luxride-nextjs.vercel.app/assets/imgs/page/pricing/professional.svg]
[luxride-nextjs.vercel.app/assets/imgs/page/pricing/bussiness.svg]
[luxride-nextjs.vercel.app/assets/imgs/page/404/404.svg]
[luxride-nextjs.vercel.app/404-3]
[luxride-nextjs.vercel.app/assets/imgs/page/fleet/camera.svg]
[luxride-nextjs.vercel.app/assets/imgs/page/fleet/water.svg]
[luxride-nextjs.vercel.app/assets/imgs/page/fleet/coffee.svg]
[luxride-nextjs.vercel.app/assets/imgs/page/fleet/newspaper.svg]
[luxride-nextjs.vercel.app/assets/imgs/page/fleet/cooperation.svg]
[luxride-nextjs.vercel.app/assets/imgs/page/fleet/rim.svg]
[luxride-nextjs.vercel.app/assets/imgs/page/services/airport.svg]
[luxride-nextjs.vercel.app/assets/imgs/page/services/terms.svg]
[luxride-nextjs.vercel.app/blog-single/4.html]
[luxride-nextjs.vercel.app/blog-single/5.html]
[luxride-nextjs.vercel.app/blog-single/6.html]
[luxride-nextjs.vercel.app/blog-single/7.html]
[luxride-nextjs.vercel.app/blog-single/8.html]
[luxride-nextjs.vercel.app/blog-single/9.html]
[luxride-nextjs.vercel.app/blog-single/10.html]
[luxride-nextjs.vercel.app/blog-single/11.html]
[luxride-nextjs.vercel.app/blog-single/12.html]
